#
# There is insufficient memory for the Java Runtime Environment to continue.
# Native memory allocation (malloc) failed to allocate 751936 bytes for Chunk::new
# Possible reasons:
#   The system is out of physical RAM or swap space
#   In 32 bit mode, the process size limit was hit
# Possible solutions:
#   Reduce memory load on the system
#   Increase physical memory or swap space
#   Check if swap backing store is full
#   Use 64 bit Java on a 64 bit OS
#   Decrease Java heap size (-Xmx/-Xms)
#   Decrease number of Java threads
#   Decrease Java thread stack sizes (-Xss)
#   Set larger code cache with -XX:ReservedCodeCacheSize=
# This output file may be truncated or incomplete.
#
#  Out of Memory Error (allocation.cpp:390), pid=6392, tid=0x00000000000024c8
#
# JRE version: Java(TM) SE Runtime Environment (8.0_111-b14) (build 1.8.0_111-b14)
# Java VM: Java HotSpot(TM) 64-Bit Server VM (25.111-b14 mixed mode windows-amd64 compressed oops)
# Failed to write core dump. Minidumps are not enabled by default on client versions of Windows
#

---------------  T H R E A D  ---------------

Current thread (0x0000000016fb3000):  JavaThread "C2 CompilerThread1" daemon [_thread_in_native, id=9416, stack(0x00000000186f0000,0x00000000187f0000)]

Stack: [0x00000000186f0000,0x00000000187f0000]
[error occurred during error reporting (printing stack bounds), id 0xc0000005]

Native frames: (J=compiled Java code, j=interpreted, Vv=VM code, C=native code)


Current CompileTask:
C2:  12486 3955       4       com.sun.beans.TypeResolver::resolve (37 bytes)


---------------  P R O C E S S  ---------------

Java Threads: ( => current thread )
  0x000000001cb55800 JavaThread "Memory manager" [_thread_blocked, id=5612, stack(0x0000000022780000,0x0000000022880000)]
  0x000000001cb59000 JavaThread "build operations Thread 4" [_thread_blocked, id=11980, stack(0x0000000022080000,0x0000000022180000)]
  0x000000001cb58800 JavaThread "build operations Thread 3" [_thread_blocked, id=9304, stack(0x0000000021f80000,0x0000000022080000)]
  0x000000001cb52800 JavaThread "build operations Thread 2" [_thread_blocked, id=8900, stack(0x0000000021e80000,0x0000000021f80000)]
  0x000000001cb54800 JavaThread "build operations" [_thread_blocked, id=10632, stack(0x00000000219f0000,0x0000000021af0000)]
  0x000000001cb53000 JavaThread "Cache worker for Artifact transforms cache (C:\Users\RafaÅ‚PC\.gradle\caches\transforms-1)" [_thread_blocked, id=12120, stack(0x000000001f8d0000,0x000000001f9d0000)]
  0x00000000187f5000 JavaThread "Cache worker for file hash cache (G:\Programowanie\e-tech\E-Tech-Proj\frontend\android\.gradle\4.1\fileHashes)" [_thread_blocked, id=11248, stack(0x000000001cee0000,0x000000001cfe0000)]
  0x00000000187f2800 JavaThread "File lock request listener" [_thread_in_native, id=11568, stack(0x000000001bc10000,0x000000001bd10000)]
  0x00000000187f2000 JavaThread "Cache worker for file hash cache (C:\Users\RafaÅ‚PC\.gradle\caches\4.1\fileHashes)" [_thread_blocked, id=10708, stack(0x000000001bb10000,0x000000001bc10000)]
  0x00000000187f5800 JavaThread "Stdin handler" [_thread_blocked, id=4444, stack(0x000000001ba10000,0x000000001bb10000)]
  0x000000001a478800 JavaThread "Asynchronous log dispatcher for DefaultDaemonConnection: socket connection from /127.0.0.1:59137 to /127.0.0.1:59138" [_thread_blocked, id=6908, stack(0x000000001b910000,0x000000001ba10000)]
  0x0000000019bf3000 JavaThread "Daemon worker" [_thread_in_native, id=4412, stack(0x000000001b810000,0x000000001b910000)]
  0x000000001a331800 JavaThread "Cancel handler" [_thread_blocked, id=8320, stack(0x000000001b710000,0x000000001b810000)]
  0x000000001a30a000 JavaThread "Handler for socket connection from /127.0.0.1:59137 to /127.0.0.1:59138" [_thread_in_native, id=2360, stack(0x000000001b410000,0x000000001b510000)]
  0x0000000019ba1000 JavaThread "Daemon" [_thread_blocked, id=11584, stack(0x000000001b310000,0x000000001b410000)]
  0x0000000019bc2000 JavaThread "Daemon periodic checks" [_thread_blocked, id=4504, stack(0x000000001b210000,0x000000001b310000)]
  0x0000000019bbf000 JavaThread "Incoming local TCP Connector on port 59137" [_thread_in_native, id=10792, stack(0x000000001ad20000,0x000000001ae20000)]
  0x000000001986d000 JavaThread "Daemon health stats" [_thread_blocked, id=9500, stack(0x000000001a6c0000,0x000000001a7c0000)]
  0x00000000187fc000 JavaThread "Service Thread" daemon [_thread_blocked, id=8488, stack(0x0000000018cf0000,0x0000000018df0000)]
  0x00000000187f3800 JavaThread "C1 CompilerThread2" daemon [_thread_blocked, id=11064, stack(0x0000000018bf0000,0x0000000018cf0000)]
=>0x0000000016fb3000 JavaThread "C2 CompilerThread1" daemon [_thread_in_native, id=9416, stack(0x00000000186f0000,0x00000000187f0000)]
  0x0000000016fa0800 JavaThread "C2 CompilerThread0" daemon [_thread_in_native, id=10872, stack(0x00000000185f0000,0x00000000186f0000)]
  0x0000000016f9d800 JavaThread "Attach Listener" daemon [_thread_blocked, id=10416, stack(0x00000000184f0000,0x00000000185f0000)]
  0x0000000016f9c000 JavaThread "Signal Dispatcher" daemon [_thread_blocked, id=6700, stack(0x00000000183f0000,0x00000000184f0000)]
  0x00000000048ca800 JavaThread "Finalizer" daemon [_thread_blocked, id=4532, stack(0x00000000181f0000,0x00000000182f0000)]
  0x0000000016f69000 JavaThread "Reference Handler" daemon [_thread_blocked, id=9520, stack(0x00000000180f0000,0x00000000181f0000)]
  0x000000000067e000 JavaThread "main" [_thread_blocked, id=11360, stack(0x00000000046d0000,0x00000000047d0000)]

Other Threads:
  0x0000000016f67800 VMThread [stack: 0x0000000017ff0000,0x00000000180f0000] [id=6536]
  0x0000000018823800 WatcherThread [stack: 0x0000000018df0000,0x0000000018ef0000] [id=10764]

VM state:not at safepoint (normal execution)

VM Mutex/Monitor currently owned by a thread: None

Heap:
 PSYoungGen      total 140800K, used 34218K [0x00000000eab00000, 0x00000000f4d00000, 0x0000000100000000)
  eden space 129536K, 18% used [0x00000000eab00000,0x00000000ec24e550,0x00000000f2980000)
  from space 11264K, 91% used [0x00000000f3580000,0x00000000f3f9c538,0x00000000f4080000)
  to   space 12288K, 0% used [0x00000000f2980000,0x00000000f2980000,0x00000000f3580000)
 ParOldGen       total 95232K, used 14963K [0x00000000c0000000, 0x00000000c5d00000, 0x00000000eab00000)
  object space 95232K, 15% used [0x00000000c0000000,0x00000000c0e9cee0,0x00000000c5d00000)
 Metaspace       used 39941K, capacity 40718K, committed 41000K, reserved 1085440K
  class space    used 5569K, capacity 5837K, committed 5936K, reserved 1048576K

Card table byte_map: [0x0000000013c90000,0x0000000013ea0000] byte_map_base: 0x0000000013690000

Marking Bits: (ParMarkBitMap*) 0x000000005644a6c0
 Begin Bits: [0x0000000014400000, 0x0000000015400000)
 End Bits:   [0x0000000015400000, 0x0000000016400000)

Polling page: 0x0000000002ec0000

CodeCache: size=245760Kb used=13195Kb max_used=13202Kb free=232564Kb
 bounds [0x00000000048d0000, 0x00000000055d0000, 0x00000000138d0000]
 total_blobs=4356 nmethods=3639 adapters=629
 compilation: enabled

Compilation events (10 events):
Event: 12.413 Thread 0x00000000187f3800 nmethod 3951 0x00000000055a4ad0 code [0x00000000055a4c60, 0x00000000055a4fd8]
Event: 12.413 Thread 0x00000000187f3800 3952       3       java.io.WinNTFileSystem::canonicalize (372 bytes)
Event: 12.416 Thread 0x00000000187f3800 nmethod 3952 0x00000000055b7890 code [0x00000000055b8000, 0x00000000055bd458]
Event: 12.424 Thread 0x0000000016fb3000 3953       4       org.codehaus.groovy.runtime.metaclass.MetaMethodIndex::copyNonPrivateMethods (149 bytes)
Event: 12.424 Thread 0x00000000187f3800 3954       3       groovy.lang.MetaClassImpl$MethodIndexAction::iterate (119 bytes)
Event: 12.425 Thread 0x00000000187f3800 nmethod 3954 0x00000000055a2050 code [0x00000000055a2240, 0x00000000055a2d18]
Event: 12.439 Thread 0x0000000016fb3000 nmethod 3953 0x00000000055c0710 code [0x00000000055c08e0, 0x00000000055c1770]
Event: 12.439 Thread 0x0000000016fb3000 3955       4       com.sun.beans.TypeResolver::resolve (37 bytes)
Event: 12.463 Thread 0x00000000187f3800 3957       3       java.util.regex.Pattern$BitClass::add (97 bytes)
Event: 12.463 Thread 0x00000000187f3800 nmethod 3957 0x00000000055a6610 code [0x00000000055a6820, 0x00000000055a7198]

GC Heap History (10 events):
Event: 5.364 GC heap before
{Heap before GC invocations=6 (full 1):
 PSYoungGen      total 71680K, used 66560K [0x00000000eab00000, 0x00000000ef600000, 0x0000000100000000)
  eden space 66560K, 100% used [0x00000000eab00000,0x00000000eec00000,0x00000000eec00000)
  from space 5120K, 0% used [0x00000000ef100000,0x00000000ef100000,0x00000000ef600000)
  to   space 5120K, 0% used [0x00000000eec00000,0x00000000eec00000,0x00000000ef100000)
 ParOldGen       total 66048K, used 9235K [0x00000000c0000000, 0x00000000c4080000, 0x00000000eab00000)
  object space 66048K, 13% used [0x00000000c0000000,0x00000000c0904c58,0x00000000c4080000)
 Metaspace       used 26401K, capacity 26714K, committed 26928K, reserved 1073152K
  class space    used 3708K, capacity 3828K, committed 3888K, reserved 1048576K
Event: 5.383 GC heap after
Heap after GC invocations=6 (full 1):
 PSYoungGen      total 71680K, used 5111K [0x00000000eab00000, 0x00000000f1c80000, 0x0000000100000000)
  eden space 66560K, 0% used [0x00000000eab00000,0x00000000eab00000,0x00000000eec00000)
  from space 5120K, 99% used [0x00000000eec00000,0x00000000ef0fde98,0x00000000ef100000)
  to   space 10240K, 0% used [0x00000000f1280000,0x00000000f1280000,0x00000000f1c80000)
 ParOldGen       total 66048K, used 10810K [0x00000000c0000000, 0x00000000c4080000, 0x00000000eab00000)
  object space 66048K, 16% used [0x00000000c0000000,0x00000000c0a8ea28,0x00000000c4080000)
 Metaspace       used 26401K, capacity 26714K, committed 26928K, reserved 1073152K
  class space    used 3708K, capacity 3828K, committed 3888K, reserved 1048576K
}
Event: 10.452 GC heap before
{Heap before GC invocations=7 (full 1):
 PSYoungGen      total 71680K, used 71671K [0x00000000eab00000, 0x00000000f1c80000, 0x0000000100000000)
  eden space 66560K, 100% used [0x00000000eab00000,0x00000000eec00000,0x00000000eec00000)
  from space 5120K, 99% used [0x00000000eec00000,0x00000000ef0fde98,0x00000000ef100000)
  to   space 10240K, 0% used [0x00000000f1280000,0x00000000f1280000,0x00000000f1c80000)
 ParOldGen       total 66048K, used 10810K [0x00000000c0000000, 0x00000000c4080000, 0x00000000eab00000)
  object space 66048K, 16% used [0x00000000c0000000,0x00000000c0a8ea28,0x00000000c4080000)
 Metaspace       used 32141K, capacity 32706K, committed 32944K, reserved 1077248K
  class space    used 4540K, capacity 4765K, committed 4784K, reserved 1048576K
Event: 10.467 GC heap after
Heap after GC invocations=7 (full 1):
 PSYoungGen      total 101888K, used 9904K [0x00000000eab00000, 0x00000000f1c80000, 0x0000000100000000)
  eden space 91648K, 0% used [0x00000000eab00000,0x00000000eab00000,0x00000000f0480000)
  from space 10240K, 96% used [0x00000000f1280000,0x00000000f1c2c160,0x00000000f1c80000)
  to   space 11264K, 0% used [0x00000000f0680000,0x00000000f0680000,0x00000000f1180000)
 ParOldGen       total 66048K, used 10818K [0x00000000c0000000, 0x00000000c4080000, 0x00000000eab00000)
  object space 66048K, 16% used [0x00000000c0000000,0x00000000c0a90a28,0x00000000c4080000)
 Metaspace       used 32141K, capacity 32706K, committed 32944K, reserved 1077248K
  class space    used 4540K, capacity 4765K, committed 4784K, reserved 1048576K
}
Event: 10.764 GC heap before
{Heap before GC invocations=8 (full 1):
 PSYoungGen      total 101888K, used 30265K [0x00000000eab00000, 0x00000000f1c80000, 0x0000000100000000)
  eden space 91648K, 22% used [0x00000000eab00000,0x00000000ebee25e0,0x00000000f0480000)
  from space 10240K, 96% used [0x00000000f1280000,0x00000000f1c2c160,0x00000000f1c80000)
  to   space 11264K, 0% used [0x00000000f0680000,0x00000000f0680000,0x00000000f1180000)
 ParOldGen       total 66048K, used 10818K [0x00000000c0000000, 0x00000000c4080000, 0x00000000eab00000)
  object space 66048K, 16% used [0x00000000c0000000,0x00000000c0a90a28,0x00000000c4080000)
 Metaspace       used 34625K, capacity 35234K, committed 35496K, reserved 1079296K
  class space    used 4843K, capacity 5033K, committed 5040K, reserved 1048576K
Event: 10.773 GC heap after
Heap after GC invocations=8 (full 1):
 PSYoungGen      total 104960K, used 8431K [0x00000000eab00000, 0x00000000f4080000, 0x0000000100000000)
  eden space 93696K, 0% used [0x00000000eab00000,0x00000000eab00000,0x00000000f0680000)
  from space 11264K, 74% used [0x00000000f0680000,0x00000000f0ebbf18,0x00000000f1180000)
  to   space 11264K, 0% used [0x00000000f3580000,0x00000000f3580000,0x00000000f4080000)
 ParOldGen       total 66048K, used 10826K [0x00000000c0000000, 0x00000000c4080000, 0x00000000eab00000)
  object space 66048K, 16% used [0x00000000c0000000,0x00000000c0a92a28,0x00000000c4080000)
 Metaspace       used 34625K, capacity 35234K, committed 35496K, reserved 1079296K
  class space    used 4843K, capacity 5033K, committed 5040K, reserved 1048576K
}
Event: 10.773 GC heap before
{Heap before GC invocations=9 (full 2):
 PSYoungGen      total 104960K, used 8431K [0x00000000eab00000, 0x00000000f4080000, 0x0000000100000000)
  eden space 93696K, 0% used [0x00000000eab00000,0x00000000eab00000,0x00000000f0680000)
  from space 11264K, 74% used [0x00000000f0680000,0x00000000f0ebbf18,0x00000000f1180000)
  to   space 11264K, 0% used [0x00000000f3580000,0x00000000f3580000,0x00000000f4080000)
 ParOldGen       total 66048K, used 10826K [0x00000000c0000000, 0x00000000c4080000, 0x00000000eab00000)
  object space 66048K, 16% used [0x00000000c0000000,0x00000000c0a92a28,0x00000000c4080000)
 Metaspace       used 34625K, capacity 35234K, committed 35496K, reserved 1079296K
  class space    used 4843K, capacity 5033K, committed 5040K, reserved 1048576K
Event: 10.827 GC heap after
Heap after GC invocations=9 (full 2):
 PSYoungGen      total 104960K, used 0K [0x00000000eab00000, 0x00000000f4080000, 0x0000000100000000)
  eden space 93696K, 0% used [0x00000000eab00000,0x00000000eab00000,0x00000000f0680000)
  from space 11264K, 0% used [0x00000000f0680000,0x00000000f0680000,0x00000000f1180000)
  to   space 11264K, 0% used [0x00000000f3580000,0x00000000f3580000,0x00000000f4080000)
 ParOldGen       total 95232K, used 14955K [0x00000000c0000000, 0x00000000c5d00000, 0x00000000eab00000)
  object space 95232K, 15% used [0x00000000c0000000,0x00000000c0e9aee0,0x00000000c5d00000)
 Metaspace       used 34625K, capacity 35234K, committed 35496K, reserved 1079296K
  class space    used 4843K, capacity 5033K, committed 5040K, reserved 1048576K
}
Event: 12.182 GC heap before
{Heap before GC invocations=10 (full 2):
 PSYoungGen      total 104960K, used 93696K [0x00000000eab00000, 0x00000000f4080000, 0x0000000100000000)
  eden space 93696K, 100% used [0x00000000eab00000,0x00000000f0680000,0x00000000f0680000)
  from space 11264K, 0% used [0x00000000f0680000,0x00000000f0680000,0x00000000f1180000)
  to   space 11264K, 0% used [0x00000000f3580000,0x00000000f3580000,0x00000000f4080000)
 ParOldGen       total 95232K, used 14955K [0x00000000c0000000, 0x00000000c5d00000, 0x00000000eab00000)
  object space 95232K, 15% used [0x00000000c0000000,0x00000000c0e9aee0,0x00000000c5d00000)
 Metaspace       used 39065K, capacity 39750K, committed 39976K, reserved 1083392K
  class space    used 5414K, capacity 5668K, committed 5680K, reserved 1048576K
Event: 12.199 GC heap after
Heap after GC invocations=10 (full 2):
 PSYoungGen      total 140800K, used 10353K [0x00000000eab00000, 0x00000000f4d00000, 0x0000000100000000)
  eden space 129536K, 0% used [0x00000000eab00000,0x00000000eab00000,0x00000000f2980000)
  from space 11264K, 91% used [0x00000000f3580000,0x00000000f3f9c538,0x00000000f4080000)
  to   space 12288K, 0% used [0x00000000f2980000,0x00000000f2980000,0x00000000f3580000)
 ParOldGen       total 95232K, used 14963K [0x00000000c0000000, 0x00000000c5d00000, 0x00000000eab00000)
  object space 95232K, 15% used [0x00000000c0000000,0x00000000c0e9cee0,0x00000000c5d00000)
 Metaspace       used 39065K, capacity 39750K, committed 39976K, reserved 1083392K
  class space    used 5414K, capacity 5668K, committed 5680K, reserved 1048576K
}

Deoptimization events (10 events):
Event: 11.452 Thread 0x0000000019bf3000 Uncommon trap: reason=unstable_if action=reinterpret pc=0x0000000004e8b93c method=java.util.jar.JarFile.maybeInstantiateVerifier()V @ 75
Event: 11.453 Thread 0x0000000019bf3000 Uncommon trap: reason=class_check action=maybe_recompile pc=0x0000000004bb67e4 method=java.util.jar.JarFile.getJarEntry(Ljava/lang/String;)Ljava/util/jar/JarEntry; @ 2
Event: 11.453 Thread 0x0000000019bf3000 Uncommon trap: reason=class_check action=maybe_recompile pc=0x0000000004bb67e4 method=java.util.jar.JarFile.getJarEntry(Ljava/lang/String;)Ljava/util/jar/JarEntry; @ 2
Event: 11.453 Thread 0x0000000019bf3000 Uncommon trap: reason=class_check action=maybe_recompile pc=0x0000000004bb67e4 method=java.util.jar.JarFile.getJarEntry(Ljava/lang/String;)Ljava/util/jar/JarEntry; @ 2
Event: 11.453 Thread 0x0000000019bf3000 Uncommon trap: reason=unstable_if action=reinterpret pc=0x000000000502b4bc method=java.util.LinkedHashMap.get(Ljava/lang/Object;)Ljava/lang/Object; @ 20
Event: 11.514 Thread 0x0000000019bf3000 Uncommon trap: reason=unstable_if action=reinterpret pc=0x00000000053ca10c method=org.gradle.internal.reflect.PropertyAccessorType.of(Ljava/lang/reflect/Method;)Lorg/gradle/internal/reflect/PropertyAccessorType; @ 56
Event: 11.701 Thread 0x0000000019bf3000 Uncommon trap: reason=unstable_if action=reinterpret pc=0x000000000548a3d8 method=java.util.jar.JarFile.getInputStream(Ljava/util/zip/ZipEntry;)Ljava/io/InputStream; @ 21
Event: 11.701 Thread 0x0000000019bf3000 Uncommon trap: reason=unstable_if action=reinterpret pc=0x00000000054339d4 method=java.security.CodeSource.matchCerts(Ljava/security/CodeSource;Z)Z @ 11
Event: 11.701 Thread 0x0000000019bf3000 Uncommon trap: reason=unstable_if action=reinterpret pc=0x000000000545aa04 method=java.lang.ClassLoader.compareCerts([Ljava/security/cert/Certificate;[Ljava/security/cert/Certificate;)Z @ 1
Event: 12.260 Thread 0x0000000019bf3000 Uncommon trap: reason=null_check action=make_not_entrant pc=0x00000000054d8a18 method=java.lang.ThreadLocal$ThreadLocalMap.getEntryAfterMiss(Ljava/lang/ThreadLocal;ILjava/lang/ThreadLocal$ThreadLocalMap$Entry;)Ljava/lang/ThreadLocal$ThreadLocalMap$Entry; 

Internal exceptions (10 events):
Event: 12.425 Thread 0x0000000019bf3000 Exception <a 'java/lang/ClassNotFoundException': fonts_cemm3wsgu7ko7gnodpemejigsBeanInfo> (0x00000000ebadc858) thrown at [C:\re\workspace\8-2-build-windows-amd64-cygwin\jdk8u111\7883\hotspot\src\share\vm\classfile\systemDictionary.cpp, line 210]
Event: 12.425 Thread 0x0000000019bf3000 Exception <a 'java/lang/ClassNotFoundException': fonts_cemm3wsgu7ko7gnodpemejigsCustomizer> (0x00000000ebae76d8) thrown at [C:\re\workspace\8-2-build-windows-amd64-cygwin\jdk8u111\7883\hotspot\src\share\vm\classfile\systemDictionary.cpp, line 210]
Event: 12.427 Thread 0x0000000019bf3000 Exception <a 'java/lang/ClassNotFoundException': org/gradle/api/plugins/BasePluginConventionBeanInfo> (0x00000000ebb3ccc8) thrown at [C:\re\workspace\8-2-build-windows-amd64-cygwin\jdk8u111\7883\hotspot\src\share\vm\classfile\systemDictionary.cpp, line 21
Event: 12.427 Thread 0x0000000019bf3000 Exception <a 'java/lang/ClassNotFoundException': org/gradle/api/plugins/BasePluginConventionCustomizer> (0x00000000ebb88930) thrown at [C:\re\workspace\8-2-build-windows-amd64-cygwin\jdk8u111\7883\hotspot\src\share\vm\classfile\systemDictionary.cpp, line 
Event: 12.428 Thread 0x0000000019bf3000 Exception <a 'java/lang/ClassNotFoundException': org/gradle/api/plugins/JavaPluginConventionBeanInfo> (0x00000000ebbe4600) thrown at [C:\re\workspace\8-2-build-windows-amd64-cygwin\jdk8u111\7883\hotspot\src\share\vm\classfile\systemDictionary.cpp, line 21
Event: 12.429 Thread 0x0000000019bf3000 Exception <a 'java/lang/ClassNotFoundException': org/gradle/api/plugins/JavaPluginConventionCustomizer> (0x00000000ebc13d98) thrown at [C:\re\workspace\8-2-build-windows-amd64-cygwin\jdk8u111\7883\hotspot\src\share\vm\classfile\systemDictionary.cpp, line 
Event: 12.430 Thread 0x0000000019bf3000 Exception <a 'java/lang/ClassNotFoundException': java/util/ArrayListBeanInfo> (0x00000000ebc53680) thrown at [C:\re\workspace\8-2-build-windows-amd64-cygwin\jdk8u111\7883\hotspot\src\share\vm\classfile\systemDictionary.cpp, line 210]
Event: 12.430 Thread 0x0000000019bf3000 Exception <a 'java/lang/ClassNotFoundException': java/util/AbstractListBeanInfo> (0x00000000ebc565d0) thrown at [C:\re\workspace\8-2-build-windows-amd64-cygwin\jdk8u111\7883\hotspot\src\share\vm\classfile\systemDictionary.cpp, line 210]
Event: 12.430 Thread 0x0000000019bf3000 Exception <a 'java/lang/ClassNotFoundException': java/util/AbstractListCustomizer> (0x00000000ebc59508) thrown at [C:\re\workspace\8-2-build-windows-amd64-cygwin\jdk8u111\7883\hotspot\src\share\vm\classfile\systemDictionary.cpp, line 210]
Event: 12.430 Thread 0x0000000019bf3000 Exception <a 'java/lang/ClassNotFoundException': java/util/ArrayListCustomizer> (0x00000000ebc69460) thrown at [C:\re\workspace\8-2-build-windows-amd64-cygwin\jdk8u111\7883\hotspot\src\share\vm\classfile\systemDictionary.cpp, line 210]

Events (10 events):
Event: 12.465 loading class com/android/sdklib/repository/generated/common/v2/ObjectFactory
Event: 12.465 loading class com/android/sdklib/repository/generated/common/v2/ObjectFactory done
Event: 12.466 loading class com/android/sdklib/repository/LoggerProgressIndicatorWrapper
Event: 12.466 loading class com/android/sdklib/repository/LoggerProgressIndicatorWrapper done
Event: 12.466 loading class com/android/repository/api/ProgressIndicatorAdapter
Event: 12.466 loading class com/android/repository/api/ProgressIndicatorAdapter done
Event: 12.467 loading class com/android/sdklib/repository/AndroidSdkHandler$RepoConfig
Event: 12.467 loading class com/android/sdklib/repository/AndroidSdkHandler$RepoConfig done
Event: 12.467 loading class com/android/repository/api/RepositorySourceProvider
Event: 12.467 loading class com/android/repository/api/RepositorySourceProvider done


Dynamic libraries:
0x00007ff7e8e50000 - 0x00007ff7e8e87000 	C:\Program Files\Java\jdk1.8.0_111\bin\java.exe
0x00007ffdee980000 - 0x00007ffdeeb60000 	C:\WINDOWS\SYSTEM32\ntdll.dll
0x00007ffdecc30000 - 0x00007ffdeccde000 	C:\WINDOWS\System32\KERNEL32.DLL
0x00007ffdeae80000 - 0x00007ffdeb0e6000 	C:\WINDOWS\System32\KERNELBASE.dll
0x00007ffdec420000 - 0x00007ffdec4c1000 	C:\WINDOWS\System32\ADVAPI32.dll
0x00007ffdecce0000 - 0x00007ffdecd7d000 	C:\WINDOWS\System32\msvcrt.dll
0x00007ffdeca40000 - 0x00007ffdeca9b000 	C:\WINDOWS\System32\sechost.dll
0x00007ffded2d0000 - 0x00007ffded3ef000 	C:\WINDOWS\System32\RPCRT4.dll
0x00007ffded0d0000 - 0x00007ffded25f000 	C:\WINDOWS\System32\USER32.dll
0x00007ffdeb0f0000 - 0x00007ffdeb110000 	C:\WINDOWS\System32\win32u.dll
0x00007ffdec530000 - 0x00007ffdec558000 	C:\WINDOWS\System32\GDI32.dll
0x00007ffdeb940000 - 0x00007ffdebad3000 	C:\WINDOWS\System32\gdi32full.dll
0x00007ffdebcb0000 - 0x00007ffdebd4b000 	C:\WINDOWS\System32\msvcp_win.dll
0x00007ffdead80000 - 0x00007ffdeae76000 	C:\WINDOWS\System32\ucrtbase.dll
0x00007ffde1100000 - 0x00007ffde1369000 	C:\WINDOWS\WinSxS\amd64_microsoft.windows.common-controls_6595b64144ccf1df_6.0.16299.371_none_15c7d1789365a290\COMCTL32.dll
0x00007ffdecd90000 - 0x00007ffded098000 	C:\WINDOWS\System32\combase.dll
0x00007ffdeb8c0000 - 0x00007ffdeb932000 	C:\WINDOWS\System32\bcryptPrimitives.dll
0x00007ffded0a0000 - 0x00007ffded0cd000 	C:\WINDOWS\System32\IMM32.DLL
0x00000000564d0000 - 0x00000000565a2000 	C:\Program Files\Java\jdk1.8.0_111\jre\bin\msvcr100.dll
0x0000000055c30000 - 0x00000000564ca000 	C:\Program Files\Java\jdk1.8.0_111\jre\bin\server\jvm.dll
0x00007ffdecd80000 - 0x00007ffdecd88000 	C:\WINDOWS\System32\PSAPI.DLL
0x00007ffde3f90000 - 0x00007ffde3f99000 	C:\WINDOWS\SYSTEM32\WSOCK32.dll
0x00007ffded260000 - 0x00007ffded2cc000 	C:\WINDOWS\System32\WS2_32.dll
0x00007ffde8c80000 - 0x00007ffde8ca3000 	C:\WINDOWS\SYSTEM32\WINMM.dll
0x00007ffde56e0000 - 0x00007ffde56ea000 	C:\WINDOWS\SYSTEM32\VERSION.dll
0x00007ffde8980000 - 0x00007ffde89aa000 	C:\WINDOWS\SYSTEM32\WINMMBASE.dll
0x00007ffdebd50000 - 0x00007ffdebd9a000 	C:\WINDOWS\System32\cfgmgr32.dll
0x0000000055c20000 - 0x0000000055c2f000 	C:\Program Files\Java\jdk1.8.0_111\jre\bin\verify.dll
0x0000000055bf0000 - 0x0000000055c19000 	C:\Program Files\Java\jdk1.8.0_111\jre\bin\java.dll
0x0000000055bd0000 - 0x0000000055be6000 	C:\Program Files\Java\jdk1.8.0_111\jre\bin\zip.dll
0x00007ffded3f0000 - 0x00007ffdee826000 	C:\WINDOWS\System32\SHELL32.dll
0x00007ffdee8a0000 - 0x00007ffdee946000 	C:\WINDOWS\System32\shcore.dll
0x00007ffdeb170000 - 0x00007ffdeb8b7000 	C:\WINDOWS\System32\windows.storage.dll
0x00007ffdec4d0000 - 0x00007ffdec521000 	C:\WINDOWS\System32\shlwapi.dll
0x00007ffdead60000 - 0x00007ffdead71000 	C:\WINDOWS\System32\kernel.appcore.dll
0x00007ffdeacf0000 - 0x00007ffdead3c000 	C:\WINDOWS\System32\powrprof.dll
0x00007ffdead40000 - 0x00007ffdead5b000 	C:\WINDOWS\System32\profapi.dll
0x0000000055bb0000 - 0x0000000055bca000 	C:\Program Files\Java\jdk1.8.0_111\jre\bin\net.dll
0x00007ffdea500000 - 0x00007ffdea566000 	C:\WINDOWS\system32\mswsock.dll
0x0000000055b90000 - 0x0000000055ba1000 	C:\Program Files\Java\jdk1.8.0_111\jre\bin\nio.dll
0x00007ffdc4360000 - 0x00007ffdc437e000 	C:\Users\Rafa³PC\.gradle\native\25\windows-amd64\native-platform.dll
0x0000000055b80000 - 0x0000000055b8d000 	C:\Program Files\Java\jdk1.8.0_111\jre\bin\management.dll
0x00007ffdea6c0000 - 0x00007ffdea6d7000 	C:\WINDOWS\SYSTEM32\CRYPTSP.dll
0x00007ffdea100000 - 0x00007ffdea133000 	C:\WINDOWS\system32\rsaenh.dll
0x00007ffdea830000 - 0x00007ffdea855000 	C:\WINDOWS\SYSTEM32\bcrypt.dll
0x00007ffdeac00000 - 0x00007ffdeac29000 	C:\WINDOWS\SYSTEM32\USERENV.dll
0x00007ffdea6e0000 - 0x00007ffdea6eb000 	C:\WINDOWS\SYSTEM32\CRYPTBASE.dll
0x00007ffdea290000 - 0x00007ffdea2c9000 	C:\WINDOWS\SYSTEM32\IPHLPAPI.DLL
0x00007ffdec410000 - 0x00007ffdec418000 	C:\WINDOWS\System32\NSI.dll
0x00007ffde0f30000 - 0x00007ffde0f46000 	C:\WINDOWS\SYSTEM32\dhcpcsvc6.DLL
0x00007ffde0f10000 - 0x00007ffde0f2a000 	C:\WINDOWS\SYSTEM32\dhcpcsvc.DLL

VM Arguments:
jvm_args: -XX:+HeapDumpOnOutOfMemoryError -Xmx1024m -Dfile.encoding=windows-1250 -Duser.country=PL -Duser.language=pl -Duser.variant 
java_command: org.gradle.launcher.daemon.bootstrap.GradleDaemon 4.1
java_class_path (initial): C:\Users\Rafa³PC\.gradle\wrapper\dists\gradle-4.1-all\bzyivzo6n839fup2jbap0tjew\gradle-4.1\lib\gradle-launcher-4.1.jar
Launcher Type: SUN_STANDARD

Environment Variables:
JAVA_HOME=C:\Program Files\Java\jdk1.8.0_111
CLASSPATH=G:\Programowanie\e-tech\E-Tech-Proj\frontend\android\\gradle\wrapper\gradle-wrapper.jar
PATH=C:\ProgramData\Oracle\Java\javapath;C:\Windows\system32;C:\Windows;C:\Windows\System32\Wbem;C:\Windows\System32\WindowsPowerShell\v1.0\;C:\Program Files (x86)\NVIDIA Corporation\PhysX\Common;C:\WINDOWS\system32;C:\WINDOWS;C:\WINDOWS\System32\Wbem;C:\WINDOWS\System32\WindowsPowerShell\v1.0\;C:\Program Files\Microsoft SQL Server\120\Tools\Binn\;C:\Program Files\Microsoft SQL Server\130\Tools\Binn\;C:\Program Files\Git\cmd;C:\Program Files (x86)\Windows Kits\10\Windows Performance Toolkit\;C:\Program Files\dotnet\;C:\Program Files (x86)\Microsoft SQL Server\130\Tools\Binn\;C:\Program Files (x86)\Skype\Phone\;C:\Program Files\Microsoft SQL Server\Client SDK\ODBC\130\Tools\Binn\;C:\Program Files\Microsoft SQL Server\130\DTS\Binn\;C:\Program Files\apache-maven-3.5.2\bin;C:\Program Files (x86)\Microsoft SQL Server\Client SDK\ODBC\130\Tools\Binn\;C:\Program Files (x86)\Microsoft SQL Server\140\Tools\Binn\;C:\Program Files (x86)\Microsoft SQL Server\140\DTS\Binn\;C:\Program Files (x86)\Microsoft SQL Server\140\Tools\Binn\ManagementStudio\;C:\Program Files\nodejs\;C:\Users\Rafa³PC\AppData\Local\Microsoft\WindowsApps;C:\Users\Rafa³PC\AppData\Roaming\npm
USERNAME=Rafa³PC
OS=Windows_NT
PROCESSOR_IDENTIFIER=Intel64 Family 6 Model 94 Stepping 3, GenuineIntel



---------------  S Y S T E M  ---------------

OS: Windows 10.0 , 64 bit Build 16299 (10.0.16299.15)

CPU:total 4 (4 cores per cpu, 1 threads per core) family 6 model 94 stepping 3, cmov, cx8, fxsr, mmx, sse, sse2, sse3, ssse3, sse4.1, sse4.2, popcnt, avx, avx2, aes, clmul, erms, rtm, 3dnowpref, lzcnt, tsc, tscinvbit, bmi1, bmi2, adx

Memory: 4k page, physical 8307480k(212472k free), swap 22887572k(2996k free)

vm_info: Java HotSpot(TM) 64-Bit Server VM (25.111-b14) for windows-amd64 JRE (1.8.0_111-b14), built on Sep 22 2016 19:24:05 by "java_re" with MS VC++ 10.0 (VS2010)

time: Tue Apr 24 17:58:38 2018
elapsed time: 12 seconds (0d 0h 0m 12s)

